<?xml version="1.0" encoding="UTF-8"?>
<testsuite name="com.bridgelabz.EmployeePayrollDBServiceTest" tests="2" skipped="0" failures="0" errors="0" timestamp="2021-08-19T14:58:54" hostname="DEEPSINGH" time="1.358">
  <properties/>
  <testcase name="givenEmployeePayrollInDB_WhenRetrieved_ShouldNotMatchEmployeeCount" classname="com.bridgelabz.EmployeePayrollDBServiceTest" time="1.28"/>
  <testcase name="givenEmployeePayrollInDB_WhenRetrieved_ShouldMatchEmployeeCount" classname="com.bridgelabz.EmployeePayrollDBServiceTest" time="0.077"/>
  <system-out><![CDATA[connecting to database : jdbc:mysql://localhost:3306/payroll_service?userSSL=false
Connection to the Database Successfully! :com.mysql.jdbc.JDBC4Connection@3ed7bd5a
Driver Loaded
 com.mysql.jdbc.Driver
 com.mysql.fabric.jdbc.FabricMySQLDriver
connecting to database : jdbc:mysql://localhost:3306/payroll_service?userSSL=false
Connection to the Database Successfully! :com.mysql.jdbc.JDBC4Connection@2be68505
Driver Loaded
 com.mysql.jdbc.Driver
 com.mysql.fabric.jdbc.FabricMySQLDriver
]]></system-out>
  <system-err><![CDATA[Thu Aug 19 20:28:54 IST 2021 WARN: Establishing SSL connection without server's identity verification is not recommended. According to MySQL 5.5.45+, 5.6.26+ and 5.7.6+ requirements SSL connection must be established by default if explicit option isn't set. For compliance with existing applications not using SSL the verifyServerCertificate property is set to 'false'. You need either to explicitly disable SSL by setting useSSL=false, or set useSSL=true and provide truststore for server certificate verification.
Thu Aug 19 20:28:56 IST 2021 WARN: Establishing SSL connection without server's identity verification is not recommended. According to MySQL 5.5.45+, 5.6.26+ and 5.7.6+ requirements SSL connection must be established by default if explicit option isn't set. For compliance with existing applications not using SSL the verifyServerCertificate property is set to 'false'. You need either to explicitly disable SSL by setting useSSL=false, or set useSSL=true and provide truststore for server certificate verification.
]]></system-err>
</testsuite>
